<?xml version="1.0" encoding="UTF-8"?>
<testsuites>
  <testsuite name="" tests="30" assertions="66" errors="0" warnings="0" failures="0" skipped="0" time="0.030890">
    <testsuite name="Project Test Suite" tests="30" assertions="66" errors="0" warnings="0" failures="0" skipped="0" time="0.030890">
      <testsuite name="App\Proj\InventoryTest" file="/home/alehog/dbwebb-kurser/mvc/me/report/tests/Proj/InventoryTest.php" tests="11" assertions="31" errors="0" warnings="0" failures="0" skipped="0" time="0.015545">
        <testcase name="testConstruct" class="App\Proj\InventoryTest" classname="App.Proj.InventoryTest" file="/home/alehog/dbwebb-kurser/mvc/me/report/tests/Proj/InventoryTest.php" line="30" assertions="2" time="0.008862"/>
        <testcase name="testConstructorEmptyArray" class="App\Proj\InventoryTest" classname="App.Proj.InventoryTest" file="/home/alehog/dbwebb-kurser/mvc/me/report/tests/Proj/InventoryTest.php" line="42" assertions="2" time="0.000786"/>
        <testcase name="testConstructorWithItemsArray" class="App\Proj\InventoryTest" classname="App.Proj.InventoryTest" file="/home/alehog/dbwebb-kurser/mvc/me/report/tests/Proj/InventoryTest.php" line="54" assertions="2" time="0.000784"/>
        <testcase name="testAddItem" class="App\Proj\InventoryTest" classname="App.Proj.InventoryTest" file="/home/alehog/dbwebb-kurser/mvc/me/report/tests/Proj/InventoryTest.php" line="72" assertions="4" time="0.000701"/>
        <testcase name="testRemoveItem" class="App\Proj\InventoryTest" classname="App.Proj.InventoryTest" file="/home/alehog/dbwebb-kurser/mvc/me/report/tests/Proj/InventoryTest.php" line="90" assertions="3" time="0.000646"/>
        <testcase name="testRemoveItemNotInInventory" class="App\Proj\InventoryTest" classname="App.Proj.InventoryTest" file="/home/alehog/dbwebb-kurser/mvc/me/report/tests/Proj/InventoryTest.php" line="114" assertions="2" time="0.000615"/>
        <testcase name="testSelectItem" class="App\Proj\InventoryTest" classname="App.Proj.InventoryTest" file="/home/alehog/dbwebb-kurser/mvc/me/report/tests/Proj/InventoryTest.php" line="127" assertions="3" time="0.000362"/>
        <testcase name="testSelectItemNotInInventory" class="App\Proj\InventoryTest" classname="App.Proj.InventoryTest" file="/home/alehog/dbwebb-kurser/mvc/me/report/tests/Proj/InventoryTest.php" line="145" assertions="2" time="0.000650"/>
        <testcase name="testDeselectItem" class="App\Proj\InventoryTest" classname="App.Proj.InventoryTest" file="/home/alehog/dbwebb-kurser/mvc/me/report/tests/Proj/InventoryTest.php" line="158" assertions="6" time="0.001366"/>
        <testcase name="testGetSelected" class="App\Proj\InventoryTest" classname="App.Proj.InventoryTest" file="/home/alehog/dbwebb-kurser/mvc/me/report/tests/Proj/InventoryTest.php" line="186" assertions="3" time="0.000390"/>
        <testcase name="testGetSelectedWithNone" class="App\Proj\InventoryTest" classname="App.Proj.InventoryTest" file="/home/alehog/dbwebb-kurser/mvc/me/report/tests/Proj/InventoryTest.php" line="207" assertions="2" time="0.000382"/>
      </testsuite>
      <testsuite name="App\Proj\RoomHandlerTest" file="/home/alehog/dbwebb-kurser/mvc/me/report/tests/Proj/RoomHandlerTest.php" tests="5" assertions="10" errors="0" warnings="0" failures="0" skipped="0" time="0.004111">
        <testcase name="testConstructObject" class="App\Proj\RoomHandlerTest" classname="App.Proj.RoomHandlerTest" file="/home/alehog/dbwebb-kurser/mvc/me/report/tests/Proj/RoomHandlerTest.php" line="75" assertions="3" time="0.002045"/>
        <testcase name="testGetRoomData" class="App\Proj\RoomHandlerTest" classname="App.Proj.RoomHandlerTest" file="/home/alehog/dbwebb-kurser/mvc/me/report/tests/Proj/RoomHandlerTest.php" line="89" assertions="2" time="0.000830"/>
        <testcase name="testMoveBlocked" class="App\Proj\RoomHandlerTest" classname="App.Proj.RoomHandlerTest" file="/home/alehog/dbwebb-kurser/mvc/me/report/tests/Proj/RoomHandlerTest.php" line="101" assertions="2" time="0.000433"/>
        <testcase name="testMove" class="App\Proj\RoomHandlerTest" classname="App.Proj.RoomHandlerTest" file="/home/alehog/dbwebb-kurser/mvc/me/report/tests/Proj/RoomHandlerTest.php" line="117" assertions="1" time="0.000405"/>
        <testcase name="testMoveInvalidRoom" class="App\Proj\RoomHandlerTest" classname="App.Proj.RoomHandlerTest" file="/home/alehog/dbwebb-kurser/mvc/me/report/tests/Proj/RoomHandlerTest.php" line="133" assertions="2" time="0.000398"/>
      </testsuite>
      <testsuite name="App\Proj\StorageHandlerTest" file="/home/alehog/dbwebb-kurser/mvc/me/report/tests/Proj/StorageHandlerTest.php" tests="14" assertions="25" errors="0" warnings="0" failures="0" skipped="0" time="0.011234">
        <testcase name="testConstructObject" class="App\Proj\StorageHandlerTest" classname="App.Proj.StorageHandlerTest" file="/home/alehog/dbwebb-kurser/mvc/me/report/tests/Proj/StorageHandlerTest.php" line="52" assertions="1" time="0.001008"/>
        <testcase name="testSaveGameDataDatabase" class="App\Proj\StorageHandlerTest" classname="App.Proj.StorageHandlerTest" file="/home/alehog/dbwebb-kurser/mvc/me/report/tests/Proj/StorageHandlerTest.php" line="64" assertions="1" time="0.000828"/>
        <testcase name="testSaveAndGetDatabase" class="App\Proj\StorageHandlerTest" classname="App.Proj.StorageHandlerTest" file="/home/alehog/dbwebb-kurser/mvc/me/report/tests/Proj/StorageHandlerTest.php" line="86" assertions="1" time="0.000704"/>
        <testcase name="testSaveGameDataRoom" class="App\Proj\StorageHandlerTest" classname="App.Proj.StorageHandlerTest" file="/home/alehog/dbwebb-kurser/mvc/me/report/tests/Proj/StorageHandlerTest.php" line="108" assertions="3" time="0.000768"/>
        <testcase name="testSaveAndGetRoom" class="App\Proj\StorageHandlerTest" classname="App.Proj.StorageHandlerTest" file="/home/alehog/dbwebb-kurser/mvc/me/report/tests/Proj/StorageHandlerTest.php" line="128" assertions="2" time="0.000695"/>
        <testcase name="testGetRoomData" class="App\Proj\StorageHandlerTest" classname="App.Proj.StorageHandlerTest" file="/home/alehog/dbwebb-kurser/mvc/me/report/tests/Proj/StorageHandlerTest.php" line="145" assertions="1" time="0.000746"/>
        <testcase name="testSaveGameDataInventory" class="App\Proj\StorageHandlerTest" classname="App.Proj.StorageHandlerTest" file="/home/alehog/dbwebb-kurser/mvc/me/report/tests/Proj/StorageHandlerTest.php" line="161" assertions="1" time="0.000684"/>
        <testcase name="testSaveAndGetInventory" class="App\Proj\StorageHandlerTest" classname="App.Proj.StorageHandlerTest" file="/home/alehog/dbwebb-kurser/mvc/me/report/tests/Proj/StorageHandlerTest.php" line="177" assertions="3" time="0.000681"/>
        <testcase name="testGetRoomFromStorage" class="App\Proj\StorageHandlerTest" classname="App.Proj.StorageHandlerTest" file="/home/alehog/dbwebb-kurser/mvc/me/report/tests/Proj/StorageHandlerTest.php" line="196" assertions="2" time="0.000711"/>
        <testcase name="testGetItemStatus" class="App\Proj\StorageHandlerTest" classname="App.Proj.StorageHandlerTest" file="/home/alehog/dbwebb-kurser/mvc/me/report/tests/Proj/StorageHandlerTest.php" line="219" assertions="1" time="0.000687"/>
        <testcase name="testFindItemFromStorage" class="App\Proj\StorageHandlerTest" classname="App.Proj.StorageHandlerTest" file="/home/alehog/dbwebb-kurser/mvc/me/report/tests/Proj/StorageHandlerTest.php" line="246" assertions="3" time="0.000715"/>
        <testcase name="testIsSelected" class="App\Proj\StorageHandlerTest" classname="App.Proj.StorageHandlerTest" file="/home/alehog/dbwebb-kurser/mvc/me/report/tests/Proj/StorageHandlerTest.php" line="275" assertions="1" time="0.000700"/>
        <testcase name="testClearStorage" class="App\Proj\StorageHandlerTest" classname="App.Proj.StorageHandlerTest" file="/home/alehog/dbwebb-kurser/mvc/me/report/tests/Proj/StorageHandlerTest.php" line="297" assertions="3" time="0.000988"/>
        <testcase name="testClearSavefile" class="App\Proj\StorageHandlerTest" classname="App.Proj.StorageHandlerTest" file="/home/alehog/dbwebb-kurser/mvc/me/report/tests/Proj/StorageHandlerTest.php" line="320" assertions="2" time="0.001319"/>
      </testsuite>
    </testsuite>
  </testsuite>
</testsuites>
