<?xml version="1.0" encoding="UTF-8"?>
<testsuites>
  <testsuite name="" tests="28" assertions="62" errors="0" warnings="0" failures="0" skipped="0" time="0.032916">
    <testsuite name="Project Test Suite" tests="28" assertions="62" errors="0" warnings="0" failures="0" skipped="0" time="0.032916">
      <testsuite name="App\Proj\InventoryTest" file="/home/alehog/dbwebb-kurser/mvc/me/report/tests/Proj/InventoryTest.php" tests="11" assertions="31" errors="0" warnings="0" failures="0" skipped="0" time="0.016952">
        <testcase name="testConstruct" class="App\Proj\InventoryTest" classname="App.Proj.InventoryTest" file="/home/alehog/dbwebb-kurser/mvc/me/report/tests/Proj/InventoryTest.php" line="30" assertions="2" time="0.010179"/>
        <testcase name="testConstructorEmptyArray" class="App\Proj\InventoryTest" classname="App.Proj.InventoryTest" file="/home/alehog/dbwebb-kurser/mvc/me/report/tests/Proj/InventoryTest.php" line="42" assertions="2" time="0.000830"/>
        <testcase name="testConstructorWithItemsArray" class="App\Proj\InventoryTest" classname="App.Proj.InventoryTest" file="/home/alehog/dbwebb-kurser/mvc/me/report/tests/Proj/InventoryTest.php" line="54" assertions="2" time="0.000802"/>
        <testcase name="testAddItem" class="App\Proj\InventoryTest" classname="App.Proj.InventoryTest" file="/home/alehog/dbwebb-kurser/mvc/me/report/tests/Proj/InventoryTest.php" line="72" assertions="4" time="0.000736"/>
        <testcase name="testRemoveItem" class="App\Proj\InventoryTest" classname="App.Proj.InventoryTest" file="/home/alehog/dbwebb-kurser/mvc/me/report/tests/Proj/InventoryTest.php" line="90" assertions="3" time="0.000624"/>
        <testcase name="testRemoveItemNotInInventory" class="App\Proj\InventoryTest" classname="App.Proj.InventoryTest" file="/home/alehog/dbwebb-kurser/mvc/me/report/tests/Proj/InventoryTest.php" line="114" assertions="2" time="0.000611"/>
        <testcase name="testSelectItem" class="App\Proj\InventoryTest" classname="App.Proj.InventoryTest" file="/home/alehog/dbwebb-kurser/mvc/me/report/tests/Proj/InventoryTest.php" line="127" assertions="3" time="0.000396"/>
        <testcase name="testSelectItemNotInInventory" class="App\Proj\InventoryTest" classname="App.Proj.InventoryTest" file="/home/alehog/dbwebb-kurser/mvc/me/report/tests/Proj/InventoryTest.php" line="145" assertions="2" time="0.000701"/>
        <testcase name="testDeselectItem" class="App\Proj\InventoryTest" classname="App.Proj.InventoryTest" file="/home/alehog/dbwebb-kurser/mvc/me/report/tests/Proj/InventoryTest.php" line="158" assertions="6" time="0.001325"/>
        <testcase name="testGetSelected" class="App\Proj\InventoryTest" classname="App.Proj.InventoryTest" file="/home/alehog/dbwebb-kurser/mvc/me/report/tests/Proj/InventoryTest.php" line="186" assertions="3" time="0.000386"/>
        <testcase name="testGetSelectedWithNone" class="App\Proj\InventoryTest" classname="App.Proj.InventoryTest" file="/home/alehog/dbwebb-kurser/mvc/me/report/tests/Proj/InventoryTest.php" line="207" assertions="2" time="0.000362"/>
      </testsuite>
      <testsuite name="App\Proj\RoomHandlerTest" file="/home/alehog/dbwebb-kurser/mvc/me/report/tests/Proj/RoomHandlerTest.php" tests="4" assertions="7" errors="0" warnings="0" failures="0" skipped="0" time="0.004926">
        <testcase name="testGetRoomData" class="App\Proj\RoomHandlerTest" classname="App.Proj.RoomHandlerTest" file="/home/alehog/dbwebb-kurser/mvc/me/report/tests/Proj/RoomHandlerTest.php" line="75" assertions="2" time="0.003573"/>
        <testcase name="testMoveBlocked" class="App\Proj\RoomHandlerTest" classname="App.Proj.RoomHandlerTest" file="/home/alehog/dbwebb-kurser/mvc/me/report/tests/Proj/RoomHandlerTest.php" line="87" assertions="2" time="0.000580"/>
        <testcase name="testMove" class="App\Proj\RoomHandlerTest" classname="App.Proj.RoomHandlerTest" file="/home/alehog/dbwebb-kurser/mvc/me/report/tests/Proj/RoomHandlerTest.php" line="103" assertions="1" time="0.000382"/>
        <testcase name="testMoveInvalidRoom" class="App\Proj\RoomHandlerTest" classname="App.Proj.RoomHandlerTest" file="/home/alehog/dbwebb-kurser/mvc/me/report/tests/Proj/RoomHandlerTest.php" line="118" assertions="2" time="0.000391"/>
      </testsuite>
      <testsuite name="App\Proj\StorageHandlerTest" file="/home/alehog/dbwebb-kurser/mvc/me/report/tests/Proj/StorageHandlerTest.php" tests="13" assertions="24" errors="0" warnings="0" failures="0" skipped="0" time="0.011038">
        <testcase name="testSaveGameDataDatabase" class="App\Proj\StorageHandlerTest" classname="App.Proj.StorageHandlerTest" file="/home/alehog/dbwebb-kurser/mvc/me/report/tests/Proj/StorageHandlerTest.php" line="52" assertions="1" time="0.001448"/>
        <testcase name="testSaveAndGetDatabase" class="App\Proj\StorageHandlerTest" classname="App.Proj.StorageHandlerTest" file="/home/alehog/dbwebb-kurser/mvc/me/report/tests/Proj/StorageHandlerTest.php" line="74" assertions="1" time="0.000758"/>
        <testcase name="testSaveGameDataRoom" class="App\Proj\StorageHandlerTest" classname="App.Proj.StorageHandlerTest" file="/home/alehog/dbwebb-kurser/mvc/me/report/tests/Proj/StorageHandlerTest.php" line="96" assertions="3" time="0.000761"/>
        <testcase name="testSaveAndGetRoom" class="App\Proj\StorageHandlerTest" classname="App.Proj.StorageHandlerTest" file="/home/alehog/dbwebb-kurser/mvc/me/report/tests/Proj/StorageHandlerTest.php" line="116" assertions="2" time="0.000673"/>
        <testcase name="testGetRoomData" class="App\Proj\StorageHandlerTest" classname="App.Proj.StorageHandlerTest" file="/home/alehog/dbwebb-kurser/mvc/me/report/tests/Proj/StorageHandlerTest.php" line="133" assertions="1" time="0.000737"/>
        <testcase name="testSaveGameDataInventory" class="App\Proj\StorageHandlerTest" classname="App.Proj.StorageHandlerTest" file="/home/alehog/dbwebb-kurser/mvc/me/report/tests/Proj/StorageHandlerTest.php" line="149" assertions="1" time="0.000682"/>
        <testcase name="testSaveAndGetInventory" class="App\Proj\StorageHandlerTest" classname="App.Proj.StorageHandlerTest" file="/home/alehog/dbwebb-kurser/mvc/me/report/tests/Proj/StorageHandlerTest.php" line="165" assertions="3" time="0.000713"/>
        <testcase name="testGetRoomFromStorage" class="App\Proj\StorageHandlerTest" classname="App.Proj.StorageHandlerTest" file="/home/alehog/dbwebb-kurser/mvc/me/report/tests/Proj/StorageHandlerTest.php" line="184" assertions="2" time="0.000803"/>
        <testcase name="testGetItemStatus" class="App\Proj\StorageHandlerTest" classname="App.Proj.StorageHandlerTest" file="/home/alehog/dbwebb-kurser/mvc/me/report/tests/Proj/StorageHandlerTest.php" line="207" assertions="1" time="0.000742"/>
        <testcase name="testFindItemFromStorage" class="App\Proj\StorageHandlerTest" classname="App.Proj.StorageHandlerTest" file="/home/alehog/dbwebb-kurser/mvc/me/report/tests/Proj/StorageHandlerTest.php" line="234" assertions="3" time="0.000724"/>
        <testcase name="testIsSelected" class="App\Proj\StorageHandlerTest" classname="App.Proj.StorageHandlerTest" file="/home/alehog/dbwebb-kurser/mvc/me/report/tests/Proj/StorageHandlerTest.php" line="263" assertions="1" time="0.000696"/>
        <testcase name="testClearStorage" class="App\Proj\StorageHandlerTest" classname="App.Proj.StorageHandlerTest" file="/home/alehog/dbwebb-kurser/mvc/me/report/tests/Proj/StorageHandlerTest.php" line="285" assertions="3" time="0.000959"/>
        <testcase name="testClearSavefile" class="App\Proj\StorageHandlerTest" classname="App.Proj.StorageHandlerTest" file="/home/alehog/dbwebb-kurser/mvc/me/report/tests/Proj/StorageHandlerTest.php" line="308" assertions="2" time="0.001343"/>
      </testsuite>
    </testsuite>
  </testsuite>
</testsuites>
