<?xml version="1.0" encoding="UTF-8"?>
<testsuites>
  <testsuite name="" tests="33" assertions="78" errors="0" warnings="0" failures="0" skipped="0" time="0.040781">
    <testsuite name="Project Test Suite" tests="33" assertions="78" errors="0" warnings="0" failures="0" skipped="0" time="0.040781">
      <testsuite name="App\Proj\InventoryTest" file="/home/alehog/dbwebb-kurser/mvc/me/report/tests/Proj/InventoryTest.php" tests="12" assertions="36" errors="0" warnings="0" failures="0" skipped="0" time="0.016531">
        <testcase name="testConstruct" class="App\Proj\InventoryTest" classname="App.Proj.InventoryTest" file="/home/alehog/dbwebb-kurser/mvc/me/report/tests/Proj/InventoryTest.php" line="30" assertions="2" time="0.008866"/>
        <testcase name="testConstructorEmptyArray" class="App\Proj\InventoryTest" classname="App.Proj.InventoryTest" file="/home/alehog/dbwebb-kurser/mvc/me/report/tests/Proj/InventoryTest.php" line="42" assertions="2" time="0.000937"/>
        <testcase name="testConstructorWithItemsArray" class="App\Proj\InventoryTest" classname="App.Proj.InventoryTest" file="/home/alehog/dbwebb-kurser/mvc/me/report/tests/Proj/InventoryTest.php" line="54" assertions="2" time="0.000870"/>
        <testcase name="testAddItem" class="App\Proj\InventoryTest" classname="App.Proj.InventoryTest" file="/home/alehog/dbwebb-kurser/mvc/me/report/tests/Proj/InventoryTest.php" line="72" assertions="4" time="0.000769"/>
        <testcase name="testRemoveItem" class="App\Proj\InventoryTest" classname="App.Proj.InventoryTest" file="/home/alehog/dbwebb-kurser/mvc/me/report/tests/Proj/InventoryTest.php" line="90" assertions="3" time="0.000685"/>
        <testcase name="testRemoveItemNotInInventory" class="App\Proj\InventoryTest" classname="App.Proj.InventoryTest" file="/home/alehog/dbwebb-kurser/mvc/me/report/tests/Proj/InventoryTest.php" line="114" assertions="2" time="0.000672"/>
        <testcase name="testSelectItem" class="App\Proj\InventoryTest" classname="App.Proj.InventoryTest" file="/home/alehog/dbwebb-kurser/mvc/me/report/tests/Proj/InventoryTest.php" line="127" assertions="3" time="0.000413"/>
        <testcase name="testSelectItemNotInInventory" class="App\Proj\InventoryTest" classname="App.Proj.InventoryTest" file="/home/alehog/dbwebb-kurser/mvc/me/report/tests/Proj/InventoryTest.php" line="145" assertions="2" time="0.000754"/>
        <testcase name="testDeselectItem" class="App\Proj\InventoryTest" classname="App.Proj.InventoryTest" file="/home/alehog/dbwebb-kurser/mvc/me/report/tests/Proj/InventoryTest.php" line="158" assertions="6" time="0.001364"/>
        <testcase name="testGetSelected" class="App\Proj\InventoryTest" classname="App.Proj.InventoryTest" file="/home/alehog/dbwebb-kurser/mvc/me/report/tests/Proj/InventoryTest.php" line="186" assertions="3" time="0.000414"/>
        <testcase name="testGetSelectedWithNone" class="App\Proj\InventoryTest" classname="App.Proj.InventoryTest" file="/home/alehog/dbwebb-kurser/mvc/me/report/tests/Proj/InventoryTest.php" line="207" assertions="2" time="0.000381"/>
        <testcase name="testClearInventory" class="App\Proj\InventoryTest" classname="App.Proj.InventoryTest" file="/home/alehog/dbwebb-kurser/mvc/me/report/tests/Proj/InventoryTest.php" line="220" assertions="5" time="0.000406"/>
      </testsuite>
      <testsuite name="App\Proj\RoomHandlerTest" file="/home/alehog/dbwebb-kurser/mvc/me/report/tests/Proj/RoomHandlerTest.php" tests="6" assertions="13" errors="0" warnings="0" failures="0" skipped="0" time="0.004354">
        <testcase name="testConstructObject" class="App\Proj\RoomHandlerTest" classname="App.Proj.RoomHandlerTest" file="/home/alehog/dbwebb-kurser/mvc/me/report/tests/Proj/RoomHandlerTest.php" line="75" assertions="3" time="0.001807"/>
        <testcase name="testGetRoomData" class="App\Proj\RoomHandlerTest" classname="App.Proj.RoomHandlerTest" file="/home/alehog/dbwebb-kurser/mvc/me/report/tests/Proj/RoomHandlerTest.php" line="89" assertions="2" time="0.000878"/>
        <testcase name="testMoveBlocked" class="App\Proj\RoomHandlerTest" classname="App.Proj.RoomHandlerTest" file="/home/alehog/dbwebb-kurser/mvc/me/report/tests/Proj/RoomHandlerTest.php" line="101" assertions="2" time="0.000416"/>
        <testcase name="testMove" class="App\Proj\RoomHandlerTest" classname="App.Proj.RoomHandlerTest" file="/home/alehog/dbwebb-kurser/mvc/me/report/tests/Proj/RoomHandlerTest.php" line="117" assertions="2" time="0.000471"/>
        <testcase name="testMoveInvalidRoom" class="App\Proj\RoomHandlerTest" classname="App.Proj.RoomHandlerTest" file="/home/alehog/dbwebb-kurser/mvc/me/report/tests/Proj/RoomHandlerTest.php" line="134" assertions="2" time="0.000398"/>
        <testcase name="testMoveInvalidDirection" class="App\Proj\RoomHandlerTest" classname="App.Proj.RoomHandlerTest" file="/home/alehog/dbwebb-kurser/mvc/me/report/tests/Proj/RoomHandlerTest.php" line="147" assertions="2" time="0.000384"/>
      </testsuite>
      <testsuite name="App\Proj\StorageHandlerTest" file="/home/alehog/dbwebb-kurser/mvc/me/report/tests/Proj/StorageHandlerTest.php" tests="15" assertions="29" errors="0" warnings="0" failures="0" skipped="0" time="0.019896">
        <testcase name="testConstructObject" class="App\Proj\StorageHandlerTest" classname="App.Proj.StorageHandlerTest" file="/home/alehog/dbwebb-kurser/mvc/me/report/tests/Proj/StorageHandlerTest.php" line="54" assertions="1" time="0.000701"/>
        <testcase name="testSaveGameDataDatabase" class="App\Proj\StorageHandlerTest" classname="App.Proj.StorageHandlerTest" file="/home/alehog/dbwebb-kurser/mvc/me/report/tests/Proj/StorageHandlerTest.php" line="66" assertions="1" time="0.000849"/>
        <testcase name="testSaveAndGetDatabase" class="App\Proj\StorageHandlerTest" classname="App.Proj.StorageHandlerTest" file="/home/alehog/dbwebb-kurser/mvc/me/report/tests/Proj/StorageHandlerTest.php" line="88" assertions="1" time="0.000709"/>
        <testcase name="testSaveGameDataRoom" class="App\Proj\StorageHandlerTest" classname="App.Proj.StorageHandlerTest" file="/home/alehog/dbwebb-kurser/mvc/me/report/tests/Proj/StorageHandlerTest.php" line="110" assertions="3" time="0.000787"/>
        <testcase name="testSaveAndGetRoom" class="App\Proj\StorageHandlerTest" classname="App.Proj.StorageHandlerTest" file="/home/alehog/dbwebb-kurser/mvc/me/report/tests/Proj/StorageHandlerTest.php" line="130" assertions="2" time="0.000753"/>
        <testcase name="testGetRoomData" class="App\Proj\StorageHandlerTest" classname="App.Proj.StorageHandlerTest" file="/home/alehog/dbwebb-kurser/mvc/me/report/tests/Proj/StorageHandlerTest.php" line="147" assertions="1" time="0.000928"/>
        <testcase name="testSaveGameDataInventory" class="App\Proj\StorageHandlerTest" classname="App.Proj.StorageHandlerTest" file="/home/alehog/dbwebb-kurser/mvc/me/report/tests/Proj/StorageHandlerTest.php" line="163" assertions="1" time="0.000699"/>
        <testcase name="testSaveAndGetInventory" class="App\Proj\StorageHandlerTest" classname="App.Proj.StorageHandlerTest" file="/home/alehog/dbwebb-kurser/mvc/me/report/tests/Proj/StorageHandlerTest.php" line="179" assertions="3" time="0.000719"/>
        <testcase name="testGetRoomFromStorage" class="App\Proj\StorageHandlerTest" classname="App.Proj.StorageHandlerTest" file="/home/alehog/dbwebb-kurser/mvc/me/report/tests/Proj/StorageHandlerTest.php" line="198" assertions="2" time="0.000830"/>
        <testcase name="testGetItemStatus" class="App\Proj\StorageHandlerTest" classname="App.Proj.StorageHandlerTest" file="/home/alehog/dbwebb-kurser/mvc/me/report/tests/Proj/StorageHandlerTest.php" line="221" assertions="1" time="0.000697"/>
        <testcase name="testFindItemFromStorage" class="App\Proj\StorageHandlerTest" classname="App.Proj.StorageHandlerTest" file="/home/alehog/dbwebb-kurser/mvc/me/report/tests/Proj/StorageHandlerTest.php" line="248" assertions="3" time="0.000741"/>
        <testcase name="testIsSelected" class="App\Proj\StorageHandlerTest" classname="App.Proj.StorageHandlerTest" file="/home/alehog/dbwebb-kurser/mvc/me/report/tests/Proj/StorageHandlerTest.php" line="277" assertions="1" time="0.000695"/>
        <testcase name="testClearStorage" class="App\Proj\StorageHandlerTest" classname="App.Proj.StorageHandlerTest" file="/home/alehog/dbwebb-kurser/mvc/me/report/tests/Proj/StorageHandlerTest.php" line="299" assertions="3" time="0.001048"/>
        <testcase name="testClearSavefile" class="App\Proj\StorageHandlerTest" classname="App.Proj.StorageHandlerTest" file="/home/alehog/dbwebb-kurser/mvc/me/report/tests/Proj/StorageHandlerTest.php" line="322" assertions="2" time="0.001825"/>
        <testcase name="testClearCache" class="App\Proj\StorageHandlerTest" classname="App.Proj.StorageHandlerTest" file="/home/alehog/dbwebb-kurser/mvc/me/report/tests/Proj/StorageHandlerTest.php" line="341" assertions="4" time="0.007915"/>
      </testsuite>
    </testsuite>
  </testsuite>
</testsuites>
