<?xml version="1.0" encoding="UTF-8"?>
<testsuites>
  <testsuite name="" tests="3" assertions="3" errors="0" warnings="0" failures="0" skipped="0" time="0.021195">
    <testsuite name="Project Test Suite" tests="3" assertions="3" errors="0" warnings="0" failures="0" skipped="0" time="0.021195">
      <testsuite name="App\Proj\InventoryTest" file="/home/alehog/dbwebb-kurser/mvc/me/report/tests/Proj/InventoryTest.php" tests="1" assertions="1" errors="0" warnings="0" failures="0" skipped="0" time="0.005535">
        <testcase name="testConstruct" class="App\Proj\InventoryTest" classname="App.Proj.InventoryTest" file="/home/alehog/dbwebb-kurser/mvc/me/report/tests/Proj/InventoryTest.php" line="18" assertions="1" time="0.005535"/>
      </testsuite>
      <testsuite name="App\Proj\RoomHandlerTest" file="/home/alehog/dbwebb-kurser/mvc/me/report/tests/Proj/RoomHandlerTest.php" tests="1" assertions="1" errors="0" warnings="0" failures="0" skipped="0" time="0.015343">
        <testcase name="testConstruct" class="App\Proj\RoomHandlerTest" classname="App.Proj.RoomHandlerTest" file="/home/alehog/dbwebb-kurser/mvc/me/report/tests/Proj/RoomHandlerTest.php" line="19" assertions="1" time="0.015343"/>
      </testsuite>
      <testsuite name="App\Proj\StorageHandlerTest" file="/home/alehog/dbwebb-kurser/mvc/me/report/tests/Proj/StorageHandlerTest.php" tests="1" assertions="1" errors="0" warnings="0" failures="0" skipped="0" time="0.000317">
        <testcase name="testConstruct" class="App\Proj\StorageHandlerTest" classname="App.Proj.StorageHandlerTest" file="/home/alehog/dbwebb-kurser/mvc/me/report/tests/Proj/StorageHandlerTest.php" line="18" assertions="1" time="0.000317"/>
      </testsuite>
    </testsuite>
  </testsuite>
</testsuites>
