<?xml version="1.0" encoding="UTF-8"?>
<testsuites>
  <testsuite name="" tests="74" assertions="285" errors="0" warnings="0" failures="0" skipped="0" time="1.052254">
    <testsuite name="Project Test Suite" tests="74" assertions="285" errors="0" warnings="0" failures="0" skipped="0" time="1.052254">
      <testsuite name="App\Cards\CardHandTest" file="/home/alehog/dbwebb-kurser/mvc/me/report/tests/Cards/CardHandTest.php" tests="19" assertions="78" errors="0" warnings="0" failures="0" skipped="0" time="0.016201">
        <testcase name="testCreateCardHandMinArguments" class="App\Cards\CardHandTest" classname="App.Cards.CardHandTest" file="/home/alehog/dbwebb-kurser/mvc/me/report/tests/Cards/CardHandTest.php" line="18" assertions="3" time="0.007816"/>
        <testcase name="testCreateCardHandAllArguments" class="App\Cards\CardHandTest" classname="App.Cards.CardHandTest" file="/home/alehog/dbwebb-kurser/mvc/me/report/tests/Cards/CardHandTest.php" line="40" assertions="3" time="0.000536"/>
        <testcase name="testGetCardHandAsString" class="App\Cards\CardHandTest" classname="App.Cards.CardHandTest" file="/home/alehog/dbwebb-kurser/mvc/me/report/tests/Cards/CardHandTest.php" line="61" assertions="3" time="0.000885"/>
        <testcase name="testGetHand" class="App\Cards\CardHandTest" classname="App.Cards.CardHandTest" file="/home/alehog/dbwebb-kurser/mvc/me/report/tests/Cards/CardHandTest.php" line="78" assertions="4" time="0.000455"/>
        <testcase name="testDiscardHand" class="App\Cards\CardHandTest" classname="App.Cards.CardHandTest" file="/home/alehog/dbwebb-kurser/mvc/me/report/tests/Cards/CardHandTest.php" line="100" assertions="4" time="0.000448"/>
        <testcase name="testGetWallet" class="App\Cards\CardHandTest" classname="App.Cards.CardHandTest" file="/home/alehog/dbwebb-kurser/mvc/me/report/tests/Cards/CardHandTest.php" line="124" assertions="4" time="0.000430"/>
        <testcase name="testSetWallet" class="App\Cards\CardHandTest" classname="App.Cards.CardHandTest" file="/home/alehog/dbwebb-kurser/mvc/me/report/tests/Cards/CardHandTest.php" line="146" assertions="4" time="0.000440">
          <system-out>Cash added to wallet.</system-out>
        </testcase>
        <testcase name="testGetScore" class="App\Cards\CardHandTest" classname="App.Cards.CardHandTest" file="/home/alehog/dbwebb-kurser/mvc/me/report/tests/Cards/CardHandTest.php" line="169" assertions="4" time="0.000407"/>
        <testcase name="testSetScore" class="App\Cards\CardHandTest" classname="App.Cards.CardHandTest" file="/home/alehog/dbwebb-kurser/mvc/me/report/tests/Cards/CardHandTest.php" line="191" assertions="4" time="0.000420"/>
        <testcase name="testGetStatus" class="App\Cards\CardHandTest" classname="App.Cards.CardHandTest" file="/home/alehog/dbwebb-kurser/mvc/me/report/tests/Cards/CardHandTest.php" line="214" assertions="4" time="0.000399"/>
        <testcase name="testSetStatus" class="App\Cards\CardHandTest" classname="App.Cards.CardHandTest" file="/home/alehog/dbwebb-kurser/mvc/me/report/tests/Cards/CardHandTest.php" line="236" assertions="4" time="0.000417"/>
        <testcase name="testGetPlayer" class="App\Cards\CardHandTest" classname="App.Cards.CardHandTest" file="/home/alehog/dbwebb-kurser/mvc/me/report/tests/Cards/CardHandTest.php" line="259" assertions="4" time="0.000413"/>
        <testcase name="testSetPlayer" class="App\Cards\CardHandTest" classname="App.Cards.CardHandTest" file="/home/alehog/dbwebb-kurser/mvc/me/report/tests/Cards/CardHandTest.php" line="281" assertions="4" time="0.000466">
          <system-out>Player set to: Player5.</system-out>
        </testcase>
        <testcase name="testGetHandValue" class="App\Cards\CardHandTest" classname="App.Cards.CardHandTest" file="/home/alehog/dbwebb-kurser/mvc/me/report/tests/Cards/CardHandTest.php" line="304" assertions="3" time="0.000474"/>
        <testcase name="testSacrifice" class="App\Cards\CardHandTest" classname="App.Cards.CardHandTest" file="/home/alehog/dbwebb-kurser/mvc/me/report/tests/Cards/CardHandTest.php" line="322" assertions="6" time="0.000422">
          <system-out>Sacrificing: 0Sacrificing: 1</system-out>
        </testcase>
        <testcase name="testGetLastSacrifice" class="App\Cards\CardHandTest" classname="App.Cards.CardHandTest" file="/home/alehog/dbwebb-kurser/mvc/me/report/tests/Cards/CardHandTest.php" line="353" assertions="4" time="0.000443">
          <system-out>Sacrificing: 0Sacrificing: 1</system-out>
        </testcase>
        <testcase name="testCardToHand" class="App\Cards\CardHandTest" classname="App.Cards.CardHandTest" file="/home/alehog/dbwebb-kurser/mvc/me/report/tests/Cards/CardHandTest.php" line="379" assertions="6" time="0.000442"/>
        <testcase name="testGetLastDraw" class="App\Cards\CardHandTest" classname="App.Cards.CardHandTest" file="/home/alehog/dbwebb-kurser/mvc/me/report/tests/Cards/CardHandTest.php" line="407" assertions="7" time="0.000458">
          <system-out>s4s4</system-out>
        </testcase>
        <testcase name="testJsonSerialize" class="App\Cards\CardHandTest" classname="App.Cards.CardHandTest" file="/home/alehog/dbwebb-kurser/mvc/me/report/tests/Cards/CardHandTest.php" line="440" assertions="3" time="0.000427"/>
      </testsuite>
      <testsuite name="App\Cards\CardTest" file="/home/alehog/dbwebb-kurser/mvc/me/report/tests/Cards/CardTest.php" tests="7" assertions="20" errors="0" warnings="0" failures="0" skipped="0" time="0.001683">
        <testcase name="testCreateCardNoArguments" class="App\Cards\CardTest" classname="App.Cards.CardTest" file="/home/alehog/dbwebb-kurser/mvc/me/report/tests/Cards/CardTest.php" line="16" assertions="2" time="0.000251"/>
        <testcase name="testCreateCardWithValue" class="App\Cards\CardTest" classname="App.Cards.CardTest" file="/home/alehog/dbwebb-kurser/mvc/me/report/tests/Cards/CardTest.php" line="34" assertions="2" time="0.000218"/>
        <testcase name="testCreateCardWithValueAndGraphic" class="App\Cards\CardTest" classname="App.Cards.CardTest" file="/home/alehog/dbwebb-kurser/mvc/me/report/tests/Cards/CardTest.php" line="53" assertions="3" time="0.000247"/>
        <testcase name="testCreateCardWithAllArguments" class="App\Cards\CardTest" classname="App.Cards.CardTest" file="/home/alehog/dbwebb-kurser/mvc/me/report/tests/Cards/CardTest.php" line="75" assertions="4" time="0.000228"/>
        <testcase name="testCardAsString" class="App\Cards\CardTest" classname="App.Cards.CardTest" file="/home/alehog/dbwebb-kurser/mvc/me/report/tests/Cards/CardTest.php" line="99" assertions="3" time="0.000251"/>
        <testcase name="testCardGetStatus" class="App\Cards\CardTest" classname="App.Cards.CardTest" file="/home/alehog/dbwebb-kurser/mvc/me/report/tests/Cards/CardTest.php" line="118" assertions="3" time="0.000250"/>
        <testcase name="testCardGetRelations" class="App\Cards\CardTest" classname="App.Cards.CardTest" file="/home/alehog/dbwebb-kurser/mvc/me/report/tests/Cards/CardTest.php" line="137" assertions="3" time="0.000237"/>
      </testsuite>
      <testsuite name="App\Cards\DeckOfCardsTest" file="/home/alehog/dbwebb-kurser/mvc/me/report/tests/Cards/DeckOfCardsTest.php" tests="12" assertions="33" errors="0" warnings="0" failures="0" skipped="0" time="0.008395">
        <testcase name="testCreateDeckMinArguments" class="App\Cards\DeckOfCardsTest" classname="App.Cards.DeckOfCardsTest" file="/home/alehog/dbwebb-kurser/mvc/me/report/tests/Cards/DeckOfCardsTest.php" line="16" assertions="3" time="0.000428"/>
        <testcase name="testDeckAsString" class="App\Cards\DeckOfCardsTest" classname="App.Cards.DeckOfCardsTest" file="/home/alehog/dbwebb-kurser/mvc/me/report/tests/Cards/DeckOfCardsTest.php" line="36" assertions="2" time="0.000426"/>
        <testcase name="testDeckAsCards" class="App\Cards\DeckOfCardsTest" classname="App.Cards.DeckOfCardsTest" file="/home/alehog/dbwebb-kurser/mvc/me/report/tests/Cards/DeckOfCardsTest.php" line="49" assertions="2" time="0.000448"/>
        <testcase name="testDealCard" class="App\Cards\DeckOfCardsTest" classname="App.Cards.DeckOfCardsTest" file="/home/alehog/dbwebb-kurser/mvc/me/report/tests/Cards/DeckOfCardsTest.php" line="62" assertions="2" time="0.000416"/>
        <testcase name="testGetLastDeal" class="App\Cards\DeckOfCardsTest" classname="App.Cards.DeckOfCardsTest" file="/home/alehog/dbwebb-kurser/mvc/me/report/tests/Cards/DeckOfCardsTest.php" line="75" assertions="4" time="0.000398"/>
        <testcase name="testGetDeck" class="App\Cards\DeckOfCardsTest" classname="App.Cards.DeckOfCardsTest" file="/home/alehog/dbwebb-kurser/mvc/me/report/tests/Cards/DeckOfCardsTest.php" line="94" assertions="3" time="0.000382"/>
        <testcase name="testGetSize" class="App\Cards\DeckOfCardsTest" classname="App.Cards.DeckOfCardsTest" file="/home/alehog/dbwebb-kurser/mvc/me/report/tests/Cards/DeckOfCardsTest.php" line="113" assertions="2" time="0.000383"/>
        <testcase name="testSortDeck" class="App\Cards\DeckOfCardsTest" classname="App.Cards.DeckOfCardsTest" file="/home/alehog/dbwebb-kurser/mvc/me/report/tests/Cards/DeckOfCardsTest.php" line="131" assertions="2" time="0.001076"/>
        <testcase name="testShuffleDeck" class="App\Cards\DeckOfCardsTest" classname="App.Cards.DeckOfCardsTest" file="/home/alehog/dbwebb-kurser/mvc/me/report/tests/Cards/DeckOfCardsTest.php" line="152" assertions="2" time="0.003015"/>
        <testcase name="testFindByOrder" class="App\Cards\DeckOfCardsTest" classname="App.Cards.DeckOfCardsTest" file="/home/alehog/dbwebb-kurser/mvc/me/report/tests/Cards/DeckOfCardsTest.php" line="184" assertions="2" time="0.000454"/>
        <testcase name="testDeck" class="App\Cards\DeckOfCardsTest" classname="App.Cards.DeckOfCardsTest" file="/home/alehog/dbwebb-kurser/mvc/me/report/tests/Cards/DeckOfCardsTest.php" line="202" assertions="6" time="0.000582"/>
        <testcase name="testJsonSerializeDeck" class="App\Cards\DeckOfCardsTest" classname="App.Cards.DeckOfCardsTest" file="/home/alehog/dbwebb-kurser/mvc/me/report/tests/Cards/DeckOfCardsTest.php" line="226" assertions="3" time="0.000388"/>
      </testsuite>
      <testsuite name="App\Cards\TwentyOneTest" file="/home/alehog/dbwebb-kurser/mvc/me/report/tests/Cards/TwentyOneTest.php" tests="36" assertions="154" errors="0" warnings="0" failures="0" skipped="0" time="1.025976">
        <testcase name="testCreateGame" class="App\Cards\TwentyOneTest" classname="App.Cards.TwentyOneTest" file="/home/alehog/dbwebb-kurser/mvc/me/report/tests/Cards/TwentyOneTest.php" line="16" assertions="2" time="0.001789">
          <system-out>Player set to: Player0.Player set to: Player1.No amount of players given</system-out>
        </testcase>
        <testcase name="testSetGetCurrentPlayerIndex" class="App\Cards\TwentyOneTest" classname="App.Cards.TwentyOneTest" file="/home/alehog/dbwebb-kurser/mvc/me/report/tests/Cards/TwentyOneTest.php" line="28" assertions="3" time="0.000524">
          <system-out>Player set to: Player0.Player set to: Player1.No amount of players given</system-out>
        </testcase>
        <testcase name="testAddDeck" class="App\Cards\TwentyOneTest" classname="App.Cards.TwentyOneTest" file="/home/alehog/dbwebb-kurser/mvc/me/report/tests/Cards/TwentyOneTest.php" line="50" assertions="4" time="0.000604">
          <system-out>Player set to: Player0.Player set to: Player1.No amount of players given</system-out>
        </testcase>
        <testcase name="testAddPlayerWithArg" class="App\Cards\TwentyOneTest" classname="App.Cards.TwentyOneTest" file="/home/alehog/dbwebb-kurser/mvc/me/report/tests/Cards/TwentyOneTest.php" line="76" assertions="3" time="0.000423">
          <system-out>Player set to: Player0.Player set to: Player1.No amount of players givenPlayer set to: Player0.Player set to: Player1.Player set to: Player2.No amount of players given</system-out>
        </testcase>
        <testcase name="testAddPlayerWithoutArg" class="App\Cards\TwentyOneTest" classname="App.Cards.TwentyOneTest" file="/home/alehog/dbwebb-kurser/mvc/me/report/tests/Cards/TwentyOneTest.php" line="98" assertions="3" time="0.000458">
          <system-out>Player set to: Player0.Player set to: Player1.No amount of players givenNo amount of players given</system-out>
        </testcase>
        <testcase name="testAddPlayerWith100Arg" class="App\Cards\TwentyOneTest" classname="App.Cards.TwentyOneTest" file="/home/alehog/dbwebb-kurser/mvc/me/report/tests/Cards/TwentyOneTest.php" line="121" assertions="5" time="0.000463">
          <system-out>Player set to: Player0.Player set to: Player1.No amount of players givenPlayer set to: Player99999.</system-out>
        </testcase>
        <testcase name="testSetDifficultyWithArg" class="App\Cards\TwentyOneTest" classname="App.Cards.TwentyOneTest" file="/home/alehog/dbwebb-kurser/mvc/me/report/tests/Cards/TwentyOneTest.php" line="147" assertions="4" time="0.000471">
          <system-out>Player set to: Player0.Player set to: Player1.No amount of players given</system-out>
        </testcase>
        <testcase name="testSetDifficultyWithoutArg" class="App\Cards\TwentyOneTest" classname="App.Cards.TwentyOneTest" file="/home/alehog/dbwebb-kurser/mvc/me/report/tests/Cards/TwentyOneTest.php" line="172" assertions="4" time="0.001164">
          <system-out>Player set to: Player0.Player set to: Player1.No amount of players given</system-out>
        </testcase>
        <testcase name="testSetGetStakeWithArg" class="App\Cards\TwentyOneTest" classname="App.Cards.TwentyOneTest" file="/home/alehog/dbwebb-kurser/mvc/me/report/tests/Cards/TwentyOneTest.php" line="193" assertions="4" time="0.000489">
          <system-out>Player set to: Player0.Player set to: Player1.No amount of players given</system-out>
        </testcase>
        <testcase name="testSetStakeWithoutArg" class="App\Cards\TwentyOneTest" classname="App.Cards.TwentyOneTest" file="/home/alehog/dbwebb-kurser/mvc/me/report/tests/Cards/TwentyOneTest.php" line="218" assertions="3" time="0.000526">
          <system-out>Player set to: Player0.Player set to: Player1.No amount of players given</system-out>
        </testcase>
        <testcase name="testGetDeckString" class="App\Cards\TwentyOneTest" classname="App.Cards.TwentyOneTest" file="/home/alehog/dbwebb-kurser/mvc/me/report/tests/Cards/TwentyOneTest.php" line="234" assertions="3" time="0.000470">
          <system-out>Player set to: Player0.Player set to: Player1.No amount of players given</system-out>
        </testcase>
        <testcase name="testSetGetCurrentPlayer" class="App\Cards\TwentyOneTest" classname="App.Cards.TwentyOneTest" file="/home/alehog/dbwebb-kurser/mvc/me/report/tests/Cards/TwentyOneTest.php" line="251" assertions="3" time="0.000419">
          <system-out>Player set to: Player0.Player set to: Player1.No amount of players given</system-out>
        </testcase>
        <testcase name="testPlayerCount" class="App\Cards\TwentyOneTest" classname="App.Cards.TwentyOneTest" file="/home/alehog/dbwebb-kurser/mvc/me/report/tests/Cards/TwentyOneTest.php" line="275" assertions="3" time="0.000448">
          <system-out>Player set to: Player0.Player set to: Player1.No amount of players given</system-out>
        </testcase>
        <testcase name="testSetBankWithoutArgs" class="App\Cards\TwentyOneTest" classname="App.Cards.TwentyOneTest" file="/home/alehog/dbwebb-kurser/mvc/me/report/tests/Cards/TwentyOneTest.php" line="296" assertions="4" time="0.000450">
          <system-out>Player set to: Player0.Player set to: Player1.No amount of players given</system-out>
        </testcase>
        <testcase name="testSetBankWitArgs" class="App\Cards\TwentyOneTest" classname="App.Cards.TwentyOneTest" file="/home/alehog/dbwebb-kurser/mvc/me/report/tests/Cards/TwentyOneTest.php" line="319" assertions="4" time="0.000441">
          <system-out>Player set to: Player0.Player set to: Player1.No amount of players givenPlayer set to: Player99999.</system-out>
        </testcase>
        <testcase name="testCardValueIndexer" class="App\Cards\TwentyOneTest" classname="App.Cards.TwentyOneTest" file="/home/alehog/dbwebb-kurser/mvc/me/report/tests/Cards/TwentyOneTest.php" line="351" assertions="4" time="0.000504">
          <system-out>Player set to: Player0.Player set to: Player1.No amount of players given</system-out>
        </testcase>
        <testcase name="testSetGetStatus" class="App\Cards\TwentyOneTest" classname="App.Cards.TwentyOneTest" file="/home/alehog/dbwebb-kurser/mvc/me/report/tests/Cards/TwentyOneTest.php" line="373" assertions="3" time="0.000410">
          <system-out>Player set to: Player0.Player set to: Player1.No amount of players given</system-out>
        </testcase>
        <testcase name="testGetRules" class="App\Cards\TwentyOneTest" classname="App.Cards.TwentyOneTest" file="/home/alehog/dbwebb-kurser/mvc/me/report/tests/Cards/TwentyOneTest.php" line="394" assertions="3" time="0.000437">
          <system-out>Player set to: Player0.Player set to: Player1.No amount of players given</system-out>
        </testcase>
        <testcase name="testNextPlayer" class="App\Cards\TwentyOneTest" classname="App.Cards.TwentyOneTest" file="/home/alehog/dbwebb-kurser/mvc/me/report/tests/Cards/TwentyOneTest.php" line="411" assertions="4" time="0.000457">
          <system-out>Player set to: Player0.Player set to: Player1.Player set to: Player2.No amount of players given</system-out>
        </testcase>
        <testcase name="testLastPlayerFalse" class="App\Cards\TwentyOneTest" classname="App.Cards.TwentyOneTest" file="/home/alehog/dbwebb-kurser/mvc/me/report/tests/Cards/TwentyOneTest.php" line="436" assertions="4" time="0.000435">
          <system-out>Player set to: Player0.Player set to: Player1.Player set to: Player2.No amount of players given</system-out>
        </testcase>
        <testcase name="testLastPlayerTrue" class="App\Cards\TwentyOneTest" classname="App.Cards.TwentyOneTest" file="/home/alehog/dbwebb-kurser/mvc/me/report/tests/Cards/TwentyOneTest.php" line="461" assertions="4" time="0.000415">
          <system-out>Player set to: Player0.Player set to: Player1.No amount of players given</system-out>
        </testcase>
        <testcase name="testPlayerMove" class="App\Cards\TwentyOneTest" classname="App.Cards.TwentyOneTest" file="/home/alehog/dbwebb-kurser/mvc/me/report/tests/Cards/TwentyOneTest.php" line="486" assertions="3" time="0.003627">
          <system-out>Player set to: Player0.Player set to: Player1.No amount of players givenPlayer set to: Player99999.</system-out>
        </testcase>
        <testcase name="testJsonSerializeTwentyOne" class="App\Cards\TwentyOneTest" classname="App.Cards.TwentyOneTest" file="/home/alehog/dbwebb-kurser/mvc/me/report/tests/Cards/TwentyOneTest.php" line="508" assertions="3" time="0.000474"/>
        <testcase name="testAutoPull" class="App\Cards\TwentyOneTest" classname="App.Cards.TwentyOneTest" file="/home/alehog/dbwebb-kurser/mvc/me/report/tests/Cards/TwentyOneTest.php" line="528" assertions="5" time="0.001080">
          <system-out>Player set to: Player0.Player set to: Player1.No amount of players givenPlayer set to: Player99999.Bank below 17, has to draw! Bank below 17, has to draw! Bank below 17, has to draw! Bank below 17, has to draw! </system-out>
        </testcase>
        <testcase name="testBankMoveAINotHappyNotWinner" class="App\Cards\TwentyOneTest" classname="App.Cards.TwentyOneTest" file="/home/alehog/dbwebb-kurser/mvc/me/report/tests/Cards/TwentyOneTest.php" line="554" assertions="6" time="0.001280">
          <system-out>Player set to: Player0.Player set to: Player1.No amount of players givenPlayer set to: Player99999.</system-out>
        </testcase>
        <testcase name="testBankMoveAIHappy" class="App\Cards\TwentyOneTest" classname="App.Cards.TwentyOneTest" file="/home/alehog/dbwebb-kurser/mvc/me/report/tests/Cards/TwentyOneTest.php" line="586" assertions="6" time="0.000658">
          <system-out>Player set to: Player0.Player set to: Player1.No amount of players givenPlayer set to: Player99999.</system-out>
        </testcase>
        <testcase name="testGetWinner" class="App\Cards\TwentyOneTest" classname="App.Cards.TwentyOneTest" file="/home/alehog/dbwebb-kurser/mvc/me/report/tests/Cards/TwentyOneTest.php" line="621" assertions="4" time="0.000430">
          <system-out>Player set to: Player0.Player set to: Player1.Player set to: Player2.No amount of players given</system-out>
        </testcase>
        <testcase name="testDetermineWinnerBank" class="App\Cards\TwentyOneTest" classname="App.Cards.TwentyOneTest" file="/home/alehog/dbwebb-kurser/mvc/me/report/tests/Cards/TwentyOneTest.php" line="647" assertions="4" time="0.000605">
          <system-out>Player set to: Player0.Player set to: Player1.No amount of players givenPlayer set to: Player99999.Cash added to wallet.Bank wins! </system-out>
        </testcase>
        <testcase name="testDetermineWinnerPlayerBankFat" class="App\Cards\TwentyOneTest" classname="App.Cards.TwentyOneTest" file="/home/alehog/dbwebb-kurser/mvc/me/report/tests/Cards/TwentyOneTest.php" line="676" assertions="4" time="0.000720">
          <system-out>Player set to: Player0.Player set to: Player1.Player set to: Player2.No amount of players givenPlayer set to: Player99999.Cash added to wallet.Player wins! </system-out>
        </testcase>
        <testcase name="testDetermineWinnerBankFatPlayerHappy" class="App\Cards\TwentyOneTest" classname="App.Cards.TwentyOneTest" file="/home/alehog/dbwebb-kurser/mvc/me/report/tests/Cards/TwentyOneTest.php" line="705" assertions="4" time="0.000785">
          <system-out>Player set to: Player0.Player set to: Player1.Player set to: Player2.No amount of players givenPlayer set to: Player99999.Cash added to wallet.0 wins! </system-out>
        </testcase>
        <testcase name="testIs21Not21" class="App\Cards\TwentyOneTest" classname="App.Cards.TwentyOneTest" file="/home/alehog/dbwebb-kurser/mvc/me/report/tests/Cards/TwentyOneTest.php" line="768" assertions="7" time="0.000688">
          <system-out>Player set to: Player0.Player set to: Player1.No amount of players givenPlayer set to: Player99999.</system-out>
        </testcase>
        <testcase name="testIs21WithTripleAce" class="App\Cards\TwentyOneTest" classname="App.Cards.TwentyOneTest" file="/home/alehog/dbwebb-kurser/mvc/me/report/tests/Cards/TwentyOneTest.php" line="807" assertions="7" time="0.000690">
          <system-out>Player set to: Player0.Player set to: Player1.No amount of players givenPlayer set to: Player99999.Two or more aces = 21!</system-out>
        </testcase>
        <testcase name="testIs21WithSuite" class="App\Cards\TwentyOneTest" classname="App.Cards.TwentyOneTest" file="/home/alehog/dbwebb-kurser/mvc/me/report/tests/Cards/TwentyOneTest.php" line="850" assertions="7" time="0.000693">
          <system-out>Player set to: Player0.Player set to: Player1.No amount of players givenPlayer set to: Player99999.Suite (three covered or two covered and one ace) = 21!</system-out>
        </testcase>
        <testcase name="testIs21WithSuiteOfCoveredAndAce" class="App\Cards\TwentyOneTest" classname="App.Cards.TwentyOneTest" file="/home/alehog/dbwebb-kurser/mvc/me/report/tests/Cards/TwentyOneTest.php" line="887" assertions="7" time="0.000656">
          <system-out>Player set to: Player0.Player set to: Player1.No amount of players givenPlayer set to: Player99999.Suite (two covered and one ace) = 21!</system-out>
        </testcase>
        <testcase name="testIs21WithNonFatFivePlus" class="App\Cards\TwentyOneTest" classname="App.Cards.TwentyOneTest" file="/home/alehog/dbwebb-kurser/mvc/me/report/tests/Cards/TwentyOneTest.php" line="925" assertions="9" time="0.000735">
          <system-out>Player set to: Player0.Player set to: Player1.No amount of players givenPlayer set to: Player99999.Hand size &gt;= 5 is 21! (specialCase - nightmare-mode)</system-out>
        </testcase>
        <testcase name="testDetermineWinnerTie" class="App\Cards\TwentyOneTest" classname="App.Cards.TwentyOneTest" file="/home/alehog/dbwebb-kurser/mvc/me/report/tests/Cards/TwentyOneTest.php" line="970" assertions="4" time="1.001057">
          <system-out>Player set to: Player0.Player set to: Player1.Player set to: Player2.No amount of players givenPlayer set to: Player99999.99999Comparing hands...Bank winCash added to wallet.Bank wins! </system-out>
        </testcase>
      </testsuite>
    </testsuite>
  </testsuite>
</testsuites>
